Creating temporary archive of 492 file(s) totalling 27.6 MiB before compression.
Uploading tarball of [.] to [gs://pmo-v2_cloudbuild/source/1756712825.058535-e077f40e3b7242e6be2f06127c708bcc.tgz]
Created [https://cloudbuild.googleapis.com/v1/projects/pmo-v2/locations/global/builds/1a1e94a6-a2b8-4fae-b901-c94a0666ba0a].
Logs are available at [ https://console.cloud.google.com/cloud-build/builds/1a1e94a6-a2b8-4fae-b901-c94a0666ba0a?project=906993279787 ].
Waiting for build to complete. Polling interval: 1 second(s).
------------------------------------------------------------------ REMOTE BUILD OUTPUT -------------------------------------------------------------------
starting build "1a1e94a6-a2b8-4fae-b901-c94a0666ba0a"

FETCHSOURCE
Fetching storage object: gs://pmo-v2_cloudbuild/source/1756712825.058535-e077f40e3b7242e6be2f06127c708bcc.tgz#1756712833476123
Copying gs://pmo-v2_cloudbuild/source/1756712825.058535-e077f40e3b7242e6be2f06127c708bcc.tgz#1756712833476123...
/ [0 files][    0.0 B/  6.7 MiB]                                                / [1 files][  6.7 MiB/  6.7 MiB]                                                
Operation completed over 1 objects/6.7 MiB.
BUILD
Starting Step #0
Step #0: Already have image (with digest): gcr.io/cloud-builders/docker
Step #0: Sending build context to Docker daemon  29.37MB
Step #0: Step 1/26 : FROM node:20-alpine AS base
Step #0: 20-alpine: Pulling from library/node
Step #0: 9824c27679d3: Already exists
Step #0: 8c59d92d6fc9: Pulling fs layer
Step #0: 54225bd60196: Pulling fs layer
Step #0: a9e48ad1219d: Pulling fs layer
Step #0: a9e48ad1219d: Verifying Checksum
Step #0: a9e48ad1219d: Download complete
Step #0: 54225bd60196: Verifying Checksum
Step #0: 54225bd60196: Download complete
Step #0: 8c59d92d6fc9: Verifying Checksum
Step #0: 8c59d92d6fc9: Download complete
Step #0: 8c59d92d6fc9: Pull complete
Step #0: 54225bd60196: Pull complete
Step #0: a9e48ad1219d: Pull complete
Step #0: Digest: sha256:df02558528d3d3d0d621f112e232611aecfee7cbc654f6b375765f72bb262799
Step #0: Status: Downloaded newer image for node:20-alpine
Step #0:  ---> 7cdef5a33192
Step #0: Step 2/26 : FROM base AS deps
Step #0:  ---> 7cdef5a33192
Step #0: Step 3/26 : RUN apk add --no-cache libc6-compat
Step #0:  ---> Running in c75be8dd1fff
Step #0: fetch https://dl-cdn.alpinelinux.org/alpine/v3.22/main/x86_64/APKINDEX.tar.gz
Step #0: fetch https://dl-cdn.alpinelinux.org/alpine/v3.22/community/x86_64/APKINDEX.tar.gz
Step #0: (1/3) Installing musl-obstack (1.2.3-r2)
Step #0: (2/3) Installing libucontext (1.3.2-r0)
Step #0: (3/3) Installing gcompat (1.1.0-r4)
Step #0: OK: 10 MiB in 21 packages
Step #0: Removing intermediate container c75be8dd1fff
Step #0:  ---> fc77e7c4ac85
Step #0: Step 4/26 : WORKDIR /app
Step #0:  ---> Running in 8225fae7c796
Step #0: Removing intermediate container 8225fae7c796
Step #0:  ---> b929ffd8cf88
Step #0: Step 5/26 : COPY package.json bun.lockb ./
Step #0:  ---> fc14622259a9
Step #0: Step 6/26 : COPY .npmrc ./
Step #0:  ---> a886d6abc9f6
Step #0: Step 7/26 : RUN npm install -g bun && bun install --frozen-lockfile
Step #0:  ---> Running in b0f6283b58a4
Step #0: 
Step #0: added 5 packages in 10s
Step #0: [91mnpm notice
Step #0: npm notice New major version of npm available! 10.8.2 -> 11.5.2
Step #0: npm notice Changelog: https://github.com/npm/cli/releases/tag/v11.5.2
Step #0: npm notice To update run: npm install -g npm@11.5.2
Step #0: npm notice
Step #0: [0mbun install v1.2.21 (7c45ed97)
Step #0: 
Step #0: + @trivago/prettier-plugin-sort-imports@5.2.2
Step #0: + @types/file-saver@2.0.7
Step #0: + @types/node@24.2.1
Step #0: + @types/react@19.1.9
Step #0: + @types/react-dom@19.1.7
Step #0: + postcss@8.5.6
Step #0: + postcss-loader@8.1.1
Step #0: + prettier@3.6.2
Step #0: + prettier-plugin-tailwindcss@0.6.14
Step #0: + typescript@5.9.2
Step #0: + @auth/core@0.40.0
Step #0: + @google-cloud/bigquery@8.1.1
Step #0: + @google-cloud/storage@7.17.0
Step #0: + @tailwindcss/postcss@4.1.11
Step #0: + @tailwindcss/typography@0.5.16
Step #0: + @untitledui-pro/icons@0.0.2
Step #0: + @untitledui/file-icons@0.0.8
Step #0: + @untitledui/icons@0.0.19
Step #0: + file-saver@2.0.5
Step #0: + google-auth-library@10.3.0
Step #0: + jspdf@3.0.2
Step #0: + jspdf-autotable@5.0.2
Step #0: + jszip@3.10.1
Step #0: + motion@12.23.12
Step #0: + next@15.4.6
Step #0: + next-auth@5.0.0-beta.29
Step #0: + next-themes@0.4.6
Step #0: + react@19.1.1
Step #0: + react-aria@3.42.0
Step #0: + react-aria-components@1.11.0
Step #0: + react-dom@19.1.1
Step #0: + react-hotkeys-hook@5.1.0
Step #0: + tailwind-merge@3.3.1
Step #0: + tailwindcss@4.1.11
Step #0: + tailwindcss-animate@1.0.7
Step #0: + tailwindcss-react-aria-components@2.0.0
Step #0: + xlsx@0.18.5
Step #0: 
Step #0: 391 packages installed [5.84s]
Step #0: 
Step #0: Blocked 2 postinstalls. Run `bun pm untrusted` for details.
Step #0: Removing intermediate container b0f6283b58a4
Step #0:  ---> 93593454c4f0
Step #0: Step 8/26 : RUN rm -f .npmrc
Step #0:  ---> Running in a2a339a4bb43
Step #0: Removing intermediate container a2a339a4bb43
Step #0:  ---> 032c9cd1d22e
Step #0: Step 9/26 : FROM base AS builder
Step #0:  ---> 7cdef5a33192
Step #0: Step 10/26 : WORKDIR /app
Step #0:  ---> Running in 5d95b8562026
Step #0: Removing intermediate container 5d95b8562026
Step #0:  ---> cace9aa2f04c
Step #0: Step 11/26 : COPY --from=deps /app/node_modules ./node_modules
Step #0:  ---> 894cd2acc7ce
Step #0: Step 12/26 : COPY . .
Step #0:  ---> 284d30ffb522
Step #0: Step 13/26 : RUN npm install -g bun && bun run build
Step #0:  ---> Running in e10e87737e1f
Step #0: 
Step #0: added 5 packages in 9s
Step #0: [91mnpm notice
Step #0: npm notice New major version of npm available! 10.8.2 -> 11.5.2
Step #0: npm notice Changelog: https://github.com/npm/cli/releases/tag/v11.5.2
Step #0: npm notice To update run: npm install -g npm@11.5.2
Step #0: npm notice
Step #0: [0m[91m$ next build
Step #0: [0mAttention: Next.js now collects completely anonymous telemetry regarding usage.
Step #0: This information is used to shape Next.js' roadmap and prioritize features.
Step #0: You can learn more, including how to opt-out if you'd not like to participate in this anonymous program, by visiting the following URL:
Step #0: https://nextjs.org/telemetry
Step #0: 
Step #0:    ▲ Next.js 15.4.6
Step #0:    - Experiments (use with caution):
Step #0:      · optimizePackageImports
Step #0: 
Step #0:    Creating an optimized production build ...
Step #0:  ✓ Compiled successfully in 71s
Step #0:    Skipping validation of types
Step #0:    Linting ...
Step #0:    Collecting page data ...
Step #0:    Generating static pages (0/11) ...
Step #0:    Generating static pages (2/11)
Step #0:    Generating static pages (5/11) 
Step #0:    Generating static pages (8/11) 
Step #0:  ✓ Generating static pages (11/11)
Step #0:    Finalizing page optimization ...
Step #0:    Collecting build traces ...
Step #0: 
Step #0: Route (app)                                 Size  First Load JS
Step #0: ┌ ○ /                                     235 kB         360 kB
Step #0: ├ ○ /_not-found                            137 B         100 kB
Step #0: ├ ƒ /api/auth/[...nextauth]                137 B         100 kB
Step #0: ├ ƒ /api/debug                             137 B         100 kB
Step #0: ├ ƒ /api/employees                         137 B         100 kB
Step #0: ├ ƒ /api/generate-report                   137 B         100 kB
Step #0: ├ ○ /homepage                              137 B         100 kB
Step #0: ├ ○ /icon.png                                0 B            0 B
Step #0: ├ ○ /icon.svg                                0 B            0 B
Step #0: └ ○ /signin                              6.15 kB         131 kB
Step #0: + First Load JS shared by all             100 kB
Step #0:   ├ chunks/4bd1b696-9911af18dede28aa.js  54.1 kB
Step #0:   ├ chunks/964-42be1c1b65719424.js       43.9 kB
Step #0:   └ other shared chunks (total)          2.19 kB
Step #0: 
Step #0: 
Step #0: ƒ Middleware                             85.8 kB
Step #0: 
Step #0: ○  (Static)   prerendered as static content
Step #0: ƒ  (Dynamic)  server-rendered on demand
Step #0:
Step #0: Removing intermediate container e10e87737e1f
Step #0:  ---> 3c8d18cf0fe2
Step #0: Step 14/26 : FROM base AS runner
Step #0:  ---> 7cdef5a33192
Step #0: Step 15/26 : WORKDIR /app
Step #0:  ---> Using cache
Step #0:  ---> cace9aa2f04c
Step #0: Step 16/26 : ENV NODE_ENV=production
Step #0:  ---> Running in d3627a4280f6
Step #0: Removing intermediate container d3627a4280f6
Step #0:  ---> fa88e8224138
Step #0: Step 17/26 : RUN addgroup --system --gid 1001 nodejs
Step #0:  ---> Running in 8fdee102082d
Step #0: Removing intermediate container 8fdee102082d
Step #0:  ---> f160435c94b1
Step #0: Step 18/26 : RUN adduser --system --uid 1001 nextjs
Step #0:  ---> Running in d55f14d0c607
Step #0: Removing intermediate container d55f14d0c607
Step #0:  ---> 3cfef9d59118
Step #0: Step 19/26 : COPY --from=builder /app/public ./public
Step #0:  ---> 97a8ab799688
Step #0: Step 20/26 : COPY --from=builder --chown=nextjs:nodejs /app/.next/standalone ./
Step #0:  ---> 527cf119ceba
Step #0: Step 21/26 : COPY --from=builder --chown=nextjs:nodejs /app/.next/static ./.next/static
Step #0:  ---> 4bfac6c76474
Step #0: Step 22/26 : USER nextjs
Step #0:  ---> Running in ffecf469b604
Step #0: Removing intermediate container ffecf469b604
Step #0:  ---> cde5f7c5a9c0
Step #0: Step 23/26 : EXPOSE 8080
Step #0:  ---> Running in e6dc03c89923
Step #0: Removing intermediate container e6dc03c89923
Step #0:  ---> 76556bcb0407
Step #0: Step 24/26 : ENV PORT=8080
Step #0:  ---> Running in a30de9e502f3
Step #0: Removing intermediate container a30de9e502f3
Step #0:  ---> 4bbf8bb419f9
Step #0: Step 25/26 : ENV HOSTNAME="0.0.0.0"
Step #0:  ---> Running in ebd08e05b730
Step #0: Removing intermediate container ebd08e05b730
Step #0:  ---> 2af96c5398e5
Step #0: Step 26/26 : CMD ["node", "server.js"]
Step #0:  ---> Running in cfab136fe37d
Step #0: Removing intermediate container cfab136fe37d
Step #0:  ---> 561e0e26df5e
Step #0: Successfully built 561e0e26df5e
Step #0: Successfully tagged gcr.io/pmo-v2/pmo-app:latest
Finished Step #0
Starting Step #1
Step #1: Already have image (with digest): gcr.io/cloud-builders/docker
Step #1: The push refers to repository [gcr.io/pmo-v2/pmo-app]
Step #1: b5514aaa515b: Preparing
Step #1: f266339b09a1: Preparing
Step #1: 26932334e2ff: Preparing
Step #1: a6d82bbc7e42: Preparing
Step #1: 7cbff9cd5984: Preparing
Step #1: 7efd547cf03d: Preparing
Step #1: eadc3b779d42: Preparing
Step #1: 2e12e022f9bc: Preparing
Step #1: 54e9a650f7b7: Preparing
Step #1: 418dccb7d85a: Preparing
Step #1: eadc3b779d42: Waiting
Step #1: 2e12e022f9bc: Waiting
Step #1: 54e9a650f7b7: Waiting
Step #1: 418dccb7d85a: Waiting
Step #1: 7efd547cf03d: Waiting
Step #1: 26932334e2ff: Pushed
Step #1: a6d82bbc7e42: Pushed
Step #1: 7cbff9cd5984: Pushed
Step #1: eadc3b779d42: Layer already exists
Step #1: b5514aaa515b: Pushed
Step #1: 54e9a650f7b7: Layer already exists
Step #1: 2e12e022f9bc: Layer already exists
Step #1: 418dccb7d85a: Layer already exists
Step #1: 7efd547cf03d: Pushed
Step #1: f266339b09a1: Pushed
Step #1: latest: digest: sha256:3040042b98115dd0f49e8b32692b66be7057c22d14ca3d55b83a26106c148508 size: 2412
Finished Step #1
Starting Step #2
Step #2: Pulling image: gcr.io/google.com/cloudsdktool/cloud-sdk
Step #2: Using default tag: latest
Step #2: latest: Pulling from google.com/cloudsdktool/cloud-sdk
Step #2: 0873b8cf69e3: Already exists
Step #2: d9cecb6d1e2c: Pulling fs layer
Step #2: b00cdc407ea6: Pulling fs layer
Step #2: ac081451cfd4: Pulling fs layer
Step #2: d99ea33d8fbb: Pulling fs layer
Step #2: 1a57d001e6a7: Pulling fs layer
Step #2: d99ea33d8fbb: Waiting
Step #2: 1a57d001e6a7: Waiting
Step #2: d9cecb6d1e2c: Download complete
Step #2: d99ea33d8fbb: Verifying Checksum
Step #2: d99ea33d8fbb: Download complete
Step #2: d9cecb6d1e2c: Pull complete
Step #2: 1a57d001e6a7: Verifying Checksum
Step #2: 1a57d001e6a7: Download complete
Step #2: ac081451cfd4: Download complete
Step #2: b00cdc407ea6: Verifying Checksum
Step #2: b00cdc407ea6: Download complete
Step #2: b00cdc407ea6: Pull complete
Step #2: ac081451cfd4: Pull complete
Step #2: d99ea33d8fbb: Pull complete
Step #2: 1a57d001e6a7: Pull complete
Step #2: Digest: sha256:c439c16f48685c61d892084106d818031a24f2ec4fca35c3069d62e9cf4d3b02
Step #2: Status: Downloaded newer image for gcr.io/google.com/cloudsdktool/cloud-sdk:latest
Step #2: gcr.io/google.com/cloudsdktool/cloud-sdk:latest
Step #2: Deploying container to Cloud Run service [pmo-app] in project [pmo-v2] region [us-central1]
Step #2: Deploying...
Step #2: Setting IAM Policy........warning
Step #2: Creating Revision.................................................................................done
Step #2: Routing traffic.....done
Step #2: Completed with warnings:
Step #2:   Setting IAM policy failed, try "gcloud beta run services add-iam-policy-binding --region=us-central1 --member=allUsers --role=roles/run.invoker pmo-app"
Step #2: Service [pmo-app] revision [pmo-app-00004-cts] has been deployed and is serving 100 percent of traffic.
Step #2: Service URL: https://pmo-app-906993279787.us-central1.run.app
Finished Step #2
PUSH
Pushing gcr.io/pmo-v2/pmo-app:latest
The push refers to repository [gcr.io/pmo-v2/pmo-app]
b5514aaa515b: Preparing
f266339b09a1: Preparing
26932334e2ff: Preparing
a6d82bbc7e42: Preparing
7cbff9cd5984: Preparing
7efd547cf03d: Preparing
eadc3b779d42: Preparing
2e12e022f9bc: Preparing
54e9a650f7b7: Preparing
418dccb7d85a: Preparing
7efd547cf03d: Waiting
eadc3b779d42: Waiting
2e12e022f9bc: Waiting
54e9a650f7b7: Waiting
418dccb7d85a: Waiting
b5514aaa515b: Layer already exists
f266339b09a1: Layer already exists
26932334e2ff: Layer already exists
a6d82bbc7e42: Layer already exists
7cbff9cd5984: Layer already exists
7efd547cf03d: Layer already exists
2e12e022f9bc: Layer already exists
eadc3b779d42: Layer already exists
54e9a650f7b7: Layer already exists
418dccb7d85a: Layer already exists
latest: digest: sha256:3040042b98115dd0f49e8b32692b66be7057c22d14ca3d55b83a26106c148508 size: 2412
DONE
----------------------------------------------------------------------------------------------------------------------------------------------------------
ID                                    CREATE_TIME                DURATION  SOURCE                                                                                IMAGES                           STATUS
1a1e94a6-a2b8-4fae-b901-c94a0666ba0a  2025-09-01T07:47:14+00:00  5M38S     gs://pmo-v2_cloudbuild/source/1756712825.058535-e077f40e3b7242e6be2f06127c708bcc.tgz  gcr.io/pmo-v2/pmo-app (+1 more)  SUCCESS
